<?xml version="1.0" encoding="UTF-8"?>
<!-- Generated by org.testng.reporters.JUnitXMLReporter -->
<testsuite hostname="DESKTOP-T88K82E" ignored="0" name="TGDS_USER_Login" tests="4" failures="1" timestamp="25 Mar 2019 05:22:06 GMT" time="26.621" errors="0">
  <testcase name="LoginPage" time="15.5" classname="TGDS_USER_Functionalities.TGDS_User_Login"/>
  <testcase name="CreateNewSP" time="11.001" classname="TGDS_USER_Functionalities.TGDS_User_Login"/>
  <testcase name="CreateSPUSER" time="0.062" classname="TGDS_USER_Functionalities.TGDS_User_Login">
    <failure type="java.lang.AssertionError" message="null">
      <![CDATA[java.lang.AssertionError: null
at TGDS_USER_Functionalities.TGDS_User_Login.CreateSPUSER(TGDS_User_Login.java:166)
... Removed 28 stack frames]]>
    </failure>
  </testcase> <!-- CreateSPUSER -->
  <testcase name="SPUSERROLE" time="0.056" classname="TGDS_USER_Functionalities.TGDS_User_Login"/>
</testsuite> <!-- TGDS_USER_Login -->
