<?xml version="1.0" encoding="UTF-8"?>
<!-- Generated by org.testng.reporters.JUnitXMLReporter -->
<testsuite hostname="DESKTOP-T88K82E" ignored="2" name="TGDS Creation" tests="4" failures="1" timestamp="12 Apr 2019 08:47:07 GMT" time="57.694" errors="0">
  <testcase name="LoginPage" time="15.432" classname="Admin_Module.Login_Functionality$Login1"/>
  <testcase name="TGDSCompanycreation" time="10.117" classname="Admin_Module.TGDS_Create">
    <failure type="java.lang.AssertionError" message="null">
      <![CDATA[java.lang.AssertionError: null
at Admin_Module.TGDS_Create.TGDSCompanycreation(TGDS_Create.java:52)
... Removed 27 stack frames]]>
    </failure>
  </testcase> <!-- TGDSCompanycreation -->
  <testcase name="TGDSusercreation" time="0.055" classname="Admin_Module.TGDS_Create"/>
  <testcase name="TGDSUserMapping" time="32.074" classname="Admin_Module.TGDS_Create"/>
  <testcase name="@AfterSuite tearDown" time="0.0" classname="Base.Base">
    <ignored/>
  </testcase> <!-- @AfterSuite tearDown -->
  <testcase name="@BeforeSuite LaunchBrowser" time="0.0" classname="Base.Base">
    <ignored/>
  </testcase> <!-- @BeforeSuite LaunchBrowser -->
</testsuite> <!-- TGDS Creation -->
